<?xml version="1.0" encoding="UTF-8"?>
<!-- Generated by org.testng.reporters.JUnitReportReporter -->
<testsuite hostname="DESKTOP-OJFEH9S" failures="0" tests="1" name="browserstock.stack" time="50.864" errors="0" timestamp="2023-05-02T13:14:49 IST" skipped="0">
  <testcase classname="browserstock.stack" name="test" time="50.864"/>
  <system-out/>
</testsuite> <!-- browserstock.stack -->
